<?xml version="1.0" encoding="UTF-8"?>
<!-- Generated by org.testng.reporters.JUnitXMLReporter -->
<testsuite ignored="11" hostname="Admin" failures="2" tests="10" name="Test" time="60.248" errors="0" timestamp="2025-11-06T14:40:18 IST">
  <testcase classname="com.load.testcases.TC_01_AddUser" name="Add_User" time="34.016"/>
  <testcase classname="com.load.testcases.TC_02_CreateHeaderHierarchy" name="CreateHeader_Hierarchy" time="0.127"/>
  <testcase classname="com.load.testcases.TC_03_Createchildhierarchy" name="CreatechildHierarchy" time="0.073"/>
  <testcase classname="com.load.testcases.TC_04_GetHierarchyID" name="Get_HierarchyID" time="0.079"/>
  <testcase classname="com.load.testcases.TC_05_SerialEntry" name="serialEntry" time="3.365"/>
  <testcase classname="com.load.testcases.TC_06_Add_device" name="Add_Device" time="0.003">
    <failure type="java.lang.NumberFormatException" message="For input string: &amp;quot;1  &amp;quot;">
      <![CDATA[java.lang.NumberFormatException: For input string: "1  "
at java.base/java.lang.NumberFormatException.forInputString(NumberFormatException.java:67)
at java.base/java.lang.Integer.parseInt(Integer.java:662)
at java.base/java.lang.Integer.parseInt(Integer.java:778)
at com.load.testcases.TC_06_Add_device.Add_Device(TC_06_Add_device.java:26)
at java.base/java.util.ArrayList.forEach(ArrayList.java:1596)
... Removed 25 stack frames]]>
    </failure>
  </testcase> <!-- Add_Device -->
  <testcase classname="com.load.testcases.TC_07_updatedevicename_switchname_scenes" name="updatedevicename_switchname_scenes" time="0.003">
    <failure type="java.lang.NumberFormatException" message="For input string: &amp;quot;1 &amp;quot;">
      <![CDATA[java.lang.NumberFormatException: For input string: "1 "
at java.base/java.lang.NumberFormatException.forInputString(NumberFormatException.java:67)
at java.base/java.lang.Integer.parseInt(Integer.java:662)
at java.base/java.lang.Integer.parseInt(Integer.java:778)
at com.load.testcases.TC_07_updatedevicename_switchname_scenes.updatedevicename_switchname_scenes(TC_07_updatedevicename_switchname_scenes.java:24)
at java.base/java.util.ArrayList.forEach(ArrayList.java:1596)
... Removed 25 stack frames]]>
    </failure>
  </testcase> <!-- updatedevicename_switchname_scenes -->
  <testcase classname="com.load.testcases.TC_08_updatesessiondata" name="updatesessiondata" time="22.063"/>
  <testcase classname="com.load.testcases.TC_09_sceneupdate" name="sceneupdate" time="0.096"/>
  <testcase classname="com.load.testcases.TC_10_updateProfileImage" name="updateProfileImage" time="0.078"/>
  <testcase classname="wrappers.API_WrapperClass" name="@BeforeSuite beforeSuite" time="0.0">
    <ignored/>
  </testcase> <!-- @BeforeSuite beforeSuite -->
  <testcase classname="wrappers.API_WrapperClass" name="@BeforeSuite beforeSuite" time="0.0">
    <ignored/>
  </testcase> <!-- @BeforeSuite beforeSuite -->
  <testcase classname="wrappers.API_WrapperClass" name="@BeforeSuite beforeSuite" time="0.0">
    <ignored/>
  </testcase> <!-- @BeforeSuite beforeSuite -->
  <testcase classname="wrappers.API_WrapperClass" name="@BeforeSuite beforeSuite" time="0.0">
    <ignored/>
  </testcase> <!-- @BeforeSuite beforeSuite -->
  <testcase classname="wrappers.API_WrapperClass" name="@BeforeSuite beforeSuite" time="0.0">
    <ignored/>
  </testcase> <!-- @BeforeSuite beforeSuite -->
  <testcase classname="wrappers.API_WrapperClass" name="@BeforeSuite beforeSuite" time="0.0">
    <ignored/>
  </testcase> <!-- @BeforeSuite beforeSuite -->
  <testcase classname="wrappers.API_WrapperClass" name="@BeforeSuite beforeSuite" time="0.0">
    <ignored/>
  </testcase> <!-- @BeforeSuite beforeSuite -->
  <testcase classname="wrappers.API_WrapperClass" name="@BeforeSuite beforeSuite" time="0.0">
    <ignored/>
  </testcase> <!-- @BeforeSuite beforeSuite -->
  <testcase classname="wrappers.API_WrapperClass" name="@BeforeSuite beforeSuite" time="0.0">
    <ignored/>
  </testcase> <!-- @BeforeSuite beforeSuite -->
  <testcase classname="wrappers.API_WrapperClass" name="@BeforeSuite beforeSuite" time="0.0">
    <ignored/>
  </testcase> <!-- @BeforeSuite beforeSuite -->
  <testcase classname="wrappers.API_WrapperClass" name="@BeforeSuite beforeSuite" time="0.0">
    <ignored/>
  </testcase> <!-- @BeforeSuite beforeSuite -->
</testsuite> <!-- Test -->
