<?xml version="1.0" encoding="UTF-8"?>
<!-- Generated by org.testng.reporters.JUnitXMLReporter -->
<testsuite ignored="7" hostname="Admin" failures="1" tests="7" name="Test" time="36.938" errors="0" timestamp="2025-11-03T23:33:42 IST">
  <testcase classname="com.testcases.AddUser" name="Add_User" time="34.052"/>
  <testcase classname="com.testcases.Add_device" name="Add_Device" time="0.281"/>
  <testcase classname="com.testcases.Createchildhierarchy" name="CreatechildHierarchy" time="0.917"/>
  <testcase classname="com.testcases.CreateHeaderHierarchy" name="CreateHeader_Hierarchy" time="0.737"/>
  <testcase classname="com.testcases.GetHierarchyID" name="Get_HierarchyID" time="0.377"/>
  <testcase classname="com.testcases.login" name="Login" time="0.017">
    <failure type="java.nio.file.FileSystemException" message=".\output\AllUsersData.csv: The process cannot access the file because it is being used by another process">
      <![CDATA[java.nio.file.FileSystemException: .\output\AllUsersData.csv: The process cannot access the file because it is being used by another process
at java.base/sun.nio.fs.WindowsException.translateToIOException(WindowsException.java:92)
at java.base/sun.nio.fs.WindowsException.rethrowAsIOException(WindowsException.java:103)
at java.base/sun.nio.fs.WindowsException.rethrowAsIOException(WindowsException.java:108)
at java.base/sun.nio.fs.WindowsFileSystemProvider.newByteChannel(WindowsFileSystemProvider.java:234)
at java.base/java.nio.file.spi.FileSystemProvider.newOutputStream(FileSystemProvider.java:482)
at java.base/java.nio.file.Files.newOutputStream(Files.java:228)
at java.base/java.nio.file.Files.write(Files.java:3574)
at java.base/java.nio.file.Files.write(Files.java:3626)
at com.testcases.login.cleanExistingCSV(login.java:61)
at com.testcases.login.Login(login.java:47)
at java.base/java.util.ArrayList.forEach(ArrayList.java:1596)
... Removed 25 stack frames]]>
    </failure>
  </testcase> <!-- Login -->
  <testcase classname="com.testcases.SerialEntry" name="serialEntry" time="0.348"/>
  <testcase classname="wrappers.API_WrapperClass" name="@BeforeSuite beforeSuite" time="0.0">
    <ignored/>
  </testcase> <!-- @BeforeSuite beforeSuite -->
  <testcase classname="wrappers.API_WrapperClass" name="@BeforeSuite beforeSuite" time="0.0">
    <ignored/>
  </testcase> <!-- @BeforeSuite beforeSuite -->
  <testcase classname="wrappers.API_WrapperClass" name="@BeforeSuite beforeSuite" time="0.0">
    <ignored/>
  </testcase> <!-- @BeforeSuite beforeSuite -->
  <testcase classname="wrappers.API_WrapperClass" name="@BeforeSuite beforeSuite" time="0.0">
    <ignored/>
  </testcase> <!-- @BeforeSuite beforeSuite -->
  <testcase classname="wrappers.API_WrapperClass" name="@BeforeSuite beforeSuite" time="0.0">
    <ignored/>
  </testcase> <!-- @BeforeSuite beforeSuite -->
  <testcase classname="wrappers.API_WrapperClass" name="@BeforeSuite beforeSuite" time="0.0">
    <ignored/>
  </testcase> <!-- @BeforeSuite beforeSuite -->
  <testcase classname="wrappers.API_WrapperClass" name="@BeforeSuite beforeSuite" time="0.0">
    <ignored/>
  </testcase> <!-- @BeforeSuite beforeSuite -->
</testsuite> <!-- Test -->
