<?xml version="1.0" encoding="UTF-8"?>
<testng-results ignored="0" total="1" passed="1" failed="0" skipped="0">
  <reporter-output>
  </reporter-output>
  <suite started-at="2025-11-06T13:21:56 IST" name="Default suite" finished-at="2025-11-06T13:21:59 IST" duration-ms="2811">
    <groups>
    </groups>
    <test started-at="2025-11-06T13:21:56 IST" name="Default test" finished-at="2025-11-06T13:21:59 IST" duration-ms="2811">
      <class name="com.load.testcases.TC_10_updateProfileImage">
        <test-method is-config="true" signature="beforeSuite()[pri:0, instance:com.load.testcases.TC_10_updateProfileImage@5b12b668]" started-at="2025-11-06T13:21:56 IST" name="beforeSuite" finished-at="2025-11-06T13:21:56 IST" duration-ms="162" status="PASS">
          <reporter-output>
          </reporter-output>
        </test-method> <!-- beforeSuite -->
        <test-method is-config="true" signature="beforeMethod(java.lang.reflect.Method)[pri:0, instance:com.load.testcases.TC_10_updateProfileImage@5b12b668]" started-at="2025-11-06T13:21:56 IST" name="beforeMethod" finished-at="2025-11-06T13:21:56 IST" duration-ms="3" status="PASS">
          <params>
            <param index="0">
              <value>
                <![CDATA[public void com.load.testcases.TC_10_updateProfileImage.serialEntry()]]>
              </value>
            </param>
          </params>
          <reporter-output>
          </reporter-output>
        </test-method> <!-- beforeMethod -->
        <test-method signature="serialEntry()[pri:5, instance:com.load.testcases.TC_10_updateProfileImage@5b12b668]" started-at="2025-11-06T13:21:56 IST" name="serialEntry" finished-at="2025-11-06T13:21:59 IST" duration-ms="2584" status="PASS">
          <reporter-output>
          </reporter-output>
        </test-method> <!-- serialEntry -->
        <test-method is-config="true" signature="tearDown()[pri:0, instance:com.load.testcases.TC_10_updateProfileImage@5b12b668]" started-at="2025-11-06T13:21:59 IST" name="tearDown" finished-at="2025-11-06T13:21:59 IST" duration-ms="199" status="PASS">
          <reporter-output>
          </reporter-output>
        </test-method> <!-- tearDown -->
      </class> <!-- com.load.testcases.TC_10_updateProfileImage -->
    </test> <!-- Default test -->
  </suite> <!-- Default suite -->
</testng-results>
