<?xml version="1.0" encoding="UTF-8"?>
<testng-results ignored="11" total="21" passed="8" failed="2" skipped="0">
  <reporter-output>
  </reporter-output>
  <suite started-at="2025-11-06T14:39:18 IST" name="Suite" finished-at="2025-11-06T14:40:18 IST" duration-ms="60248">
    <groups>
    </groups>
    <test started-at="2025-11-06T14:39:18 IST" name="Test" finished-at="2025-11-06T14:40:18 IST" duration-ms="60248">
      <class name="com.load.testcases.DeleteUser">
        <test-method is-config="true" signature="beforeSuite()[pri:0, instance:com.load.testcases.DeleteUser@3cd3e762]" started-at="2025-11-06T14:39:17 IST" name="beforeSuite" finished-at="2025-11-06T14:39:18 IST" duration-ms="172" status="PASS">
          <reporter-output>
          </reporter-output>
        </test-method> <!-- beforeSuite -->
      </class> <!-- com.load.testcases.DeleteUser -->
      <class name="com.load.testcases.TC_10_updateProfileImage">
        <test-method is-config="true" signature="beforeMethod(java.lang.reflect.Method)[pri:0, instance:com.load.testcases.TC_10_updateProfileImage@2925bf5b]" started-at="2025-11-06T14:40:18 IST" name="beforeMethod" finished-at="2025-11-06T14:40:18 IST" duration-ms="0" status="PASS">
          <params>
            <param index="0">
              <value>
                <![CDATA[public void com.load.testcases.TC_10_updateProfileImage.updateProfileImage()]]>
              </value>
            </param>
          </params>
          <reporter-output>
          </reporter-output>
        </test-method> <!-- beforeMethod -->
        <test-method signature="updateProfileImage()[pri:9, instance:com.load.testcases.TC_10_updateProfileImage@2925bf5b]" started-at="2025-11-06T14:40:18 IST" name="updateProfileImage" finished-at="2025-11-06T14:40:18 IST" duration-ms="78" status="PASS">
          <reporter-output>
          </reporter-output>
        </test-method> <!-- updateProfileImage -->
        <test-method is-config="true" signature="tearDown()[pri:0, instance:com.load.testcases.TC_10_updateProfileImage@2925bf5b]" started-at="2025-11-06T14:40:18 IST" name="tearDown" finished-at="2025-11-06T14:40:18 IST" duration-ms="21" status="PASS">
          <reporter-output>
          </reporter-output>
        </test-method> <!-- tearDown -->
      </class> <!-- com.load.testcases.TC_10_updateProfileImage -->
      <class name="com.load.testcases.TC_08_updatesessiondata">
        <test-method is-config="true" signature="beforeMethod(java.lang.reflect.Method)[pri:0, instance:com.load.testcases.TC_08_updatesessiondata@b3ca52e]" started-at="2025-11-06T14:39:55 IST" name="beforeMethod" finished-at="2025-11-06T14:39:55 IST" duration-ms="3" status="PASS">
          <params>
            <param index="0">
              <value>
                <![CDATA[public void com.load.testcases.TC_08_updatesessiondata.updatesessiondata()]]>
              </value>
            </param>
          </params>
          <reporter-output>
          </reporter-output>
        </test-method> <!-- beforeMethod -->
        <test-method signature="updatesessiondata()[pri:7, instance:com.load.testcases.TC_08_updatesessiondata@b3ca52e]" started-at="2025-11-06T14:39:55 IST" name="updatesessiondata" finished-at="2025-11-06T14:40:18 IST" duration-ms="22063" status="PASS">
          <reporter-output>
          </reporter-output>
        </test-method> <!-- updatesessiondata -->
        <test-method is-config="true" signature="tearDown()[pri:0, instance:com.load.testcases.TC_08_updatesessiondata@b3ca52e]" started-at="2025-11-06T14:40:18 IST" name="tearDown" finished-at="2025-11-06T14:40:18 IST" duration-ms="45" status="PASS">
          <reporter-output>
          </reporter-output>
        </test-method> <!-- tearDown -->
      </class> <!-- com.load.testcases.TC_08_updatesessiondata -->
      <class name="com.load.testcases.TC_04_GetHierarchyID">
        <test-method is-config="true" signature="beforeMethod(java.lang.reflect.Method)[pri:0, instance:com.load.testcases.TC_04_GetHierarchyID@3a52dba3]" started-at="2025-11-06T14:39:52 IST" name="beforeMethod" finished-at="2025-11-06T14:39:52 IST" duration-ms="0" status="PASS">
          <params>
            <param index="0">
              <value>
                <![CDATA[public void com.load.testcases.TC_04_GetHierarchyID.Get_HierarchyID() throws com.opencsv.exceptions.CsvException]]>
              </value>
            </param>
          </params>
          <reporter-output>
          </reporter-output>
        </test-method> <!-- beforeMethod -->
        <test-method signature="Get_HierarchyID()[pri:3, instance:com.load.testcases.TC_04_GetHierarchyID@3a52dba3]" started-at="2025-11-06T14:39:52 IST" name="Get_HierarchyID" finished-at="2025-11-06T14:39:52 IST" duration-ms="79" status="PASS">
          <reporter-output>
          </reporter-output>
        </test-method> <!-- Get_HierarchyID -->
        <test-method is-config="true" signature="tearDown()[pri:0, instance:com.load.testcases.TC_04_GetHierarchyID@3a52dba3]" started-at="2025-11-06T14:39:52 IST" name="tearDown" finished-at="2025-11-06T14:39:52 IST" duration-ms="8" status="PASS">
          <reporter-output>
          </reporter-output>
        </test-method> <!-- tearDown -->
      </class> <!-- com.load.testcases.TC_04_GetHierarchyID -->
      <class name="com.load.testcases.TC_02_CreateHeaderHierarchy">
        <test-method is-config="true" signature="beforeMethod(java.lang.reflect.Method)[pri:0, instance:com.load.testcases.TC_02_CreateHeaderHierarchy@2aceadd4]" started-at="2025-11-06T14:39:52 IST" name="beforeMethod" finished-at="2025-11-06T14:39:52 IST" duration-ms="1" status="PASS">
          <params>
            <param index="0">
              <value>
                <![CDATA[public void com.load.testcases.TC_02_CreateHeaderHierarchy.CreateHeader_Hierarchy()]]>
              </value>
            </param>
          </params>
          <reporter-output>
          </reporter-output>
        </test-method> <!-- beforeMethod -->
        <test-method signature="CreateHeader_Hierarchy()[pri:1, instance:com.load.testcases.TC_02_CreateHeaderHierarchy@2aceadd4]" started-at="2025-11-06T14:39:52 IST" name="CreateHeader_Hierarchy" finished-at="2025-11-06T14:39:52 IST" duration-ms="127" status="PASS">
          <reporter-output>
          </reporter-output>
        </test-method> <!-- CreateHeader_Hierarchy -->
        <test-method is-config="true" signature="tearDown()[pri:0, instance:com.load.testcases.TC_02_CreateHeaderHierarchy@2aceadd4]" started-at="2025-11-06T14:39:52 IST" name="tearDown" finished-at="2025-11-06T14:39:52 IST" duration-ms="11" status="PASS">
          <reporter-output>
          </reporter-output>
        </test-method> <!-- tearDown -->
      </class> <!-- com.load.testcases.TC_02_CreateHeaderHierarchy -->
      <class name="com.load.testcases.TC_03_Createchildhierarchy">
        <test-method signature="CreatechildHierarchy()[pri:2, instance:com.load.testcases.TC_03_Createchildhierarchy@24aed80c]" started-at="2025-11-06T14:39:52 IST" name="CreatechildHierarchy" finished-at="2025-11-06T14:39:52 IST" duration-ms="73" status="PASS">
          <reporter-output>
          </reporter-output>
        </test-method> <!-- CreatechildHierarchy -->
        <test-method is-config="true" signature="beforeMethod(java.lang.reflect.Method)[pri:0, instance:com.load.testcases.TC_03_Createchildhierarchy@24aed80c]" started-at="2025-11-06T14:39:52 IST" name="beforeMethod" finished-at="2025-11-06T14:39:52 IST" duration-ms="0" status="PASS">
          <params>
            <param index="0">
              <value>
                <![CDATA[public void com.load.testcases.TC_03_Createchildhierarchy.CreatechildHierarchy()]]>
              </value>
            </param>
          </params>
          <reporter-output>
          </reporter-output>
        </test-method> <!-- beforeMethod -->
        <test-method is-config="true" signature="tearDown()[pri:0, instance:com.load.testcases.TC_03_Createchildhierarchy@24aed80c]" started-at="2025-11-06T14:39:52 IST" name="tearDown" finished-at="2025-11-06T14:39:52 IST" duration-ms="7" status="PASS">
          <reporter-output>
          </reporter-output>
        </test-method> <!-- tearDown -->
      </class> <!-- com.load.testcases.TC_03_Createchildhierarchy -->
      <class name="com.load.testcases.TC_01_AddUser">
        <test-method is-config="true" signature="beforeMethod(java.lang.reflect.Method)[pri:0, instance:com.load.testcases.TC_01_AddUser@24269709]" started-at="2025-11-06T14:39:18 IST" name="beforeMethod" finished-at="2025-11-06T14:39:18 IST" duration-ms="1" status="PASS">
          <params>
            <param index="0">
              <value>
                <![CDATA[public void com.load.testcases.TC_01_AddUser.Add_User() throws java.lang.Exception]]>
              </value>
            </param>
          </params>
          <reporter-output>
          </reporter-output>
        </test-method> <!-- beforeMethod -->
        <test-method signature="Add_User()[pri:0, instance:com.load.testcases.TC_01_AddUser@24269709]" started-at="2025-11-06T14:39:18 IST" name="Add_User" finished-at="2025-11-06T14:39:52 IST" duration-ms="34016" status="PASS">
          <reporter-output>
          </reporter-output>
        </test-method> <!-- Add_User -->
        <test-method is-config="true" signature="tearDown()[pri:0, instance:com.load.testcases.TC_01_AddUser@24269709]" started-at="2025-11-06T14:39:52 IST" name="tearDown" finished-at="2025-11-06T14:39:52 IST" duration-ms="135" status="PASS">
          <reporter-output>
          </reporter-output>
        </test-method> <!-- tearDown -->
      </class> <!-- com.load.testcases.TC_01_AddUser -->
      <class name="com.load.testcases.TC_07_updatedevicename_switchname_scenes">
        <test-method signature="updatedevicename_switchname_scenes()[pri:6, instance:com.load.testcases.TC_07_updatedevicename_switchname_scenes@279fedbd]" started-at="2025-11-06T14:39:55 IST" name="updatedevicename_switchname_scenes" finished-at="2025-11-06T14:39:55 IST" duration-ms="3" status="FAIL">
          <exception class="java.lang.NumberFormatException">
            <message>
              <![CDATA[For input string: "1 "]]>
            </message>
            <full-stacktrace>
              <![CDATA[java.lang.NumberFormatException: For input string: "1 "
at java.base/java.lang.NumberFormatException.forInputString(NumberFormatException.java:67)
at java.base/java.lang.Integer.parseInt(Integer.java:662)
at java.base/java.lang.Integer.parseInt(Integer.java:778)
at com.load.testcases.TC_07_updatedevicename_switchname_scenes.updatedevicename_switchname_scenes(TC_07_updatedevicename_switchname_scenes.java:24)
at java.base/jdk.internal.reflect.DirectMethodHandleAccessor.invoke(DirectMethodHandleAccessor.java:103)
at java.base/java.lang.reflect.Method.invoke(Method.java:580)
at org.testng.internal.invokers.MethodInvocationHelper.invokeMethod(MethodInvocationHelper.java:136)
at org.testng.internal.invokers.TestInvoker.invokeMethod(TestInvoker.java:658)
at org.testng.internal.invokers.TestInvoker.invokeTestMethod(TestInvoker.java:219)
at org.testng.internal.invokers.MethodRunner.runInSequence(MethodRunner.java:50)
at org.testng.internal.invokers.TestInvoker$MethodInvocationAgent.invoke(TestInvoker.java:923)
at org.testng.internal.invokers.TestInvoker.invokeTestMethods(TestInvoker.java:192)
at org.testng.internal.invokers.TestMethodWorker.invokeTestMethods(TestMethodWorker.java:146)
at org.testng.internal.invokers.TestMethodWorker.run(TestMethodWorker.java:128)
at java.base/java.util.ArrayList.forEach(ArrayList.java:1596)
at org.testng.TestRunner.privateRun(TestRunner.java:808)
at org.testng.TestRunner.run(TestRunner.java:603)
at org.testng.SuiteRunner.runTest(SuiteRunner.java:429)
at org.testng.SuiteRunner.runSequentially(SuiteRunner.java:423)
at org.testng.SuiteRunner.privateRun(SuiteRunner.java:383)
at org.testng.SuiteRunner.run(SuiteRunner.java:326)
at org.testng.SuiteRunnerWorker.runSuite(SuiteRunnerWorker.java:52)
at org.testng.SuiteRunnerWorker.run(SuiteRunnerWorker.java:95)
at org.testng.TestNG.runSuitesSequentially(TestNG.java:1249)
at org.testng.TestNG.runSuitesLocally(TestNG.java:1169)
at org.testng.TestNG.runSuites(TestNG.java:1092)
at org.testng.TestNG.run(TestNG.java:1060)
at org.testng.remote.AbstractRemoteTestNG.run(AbstractRemoteTestNG.java:115)
at org.testng.remote.RemoteTestNG.initAndRun(RemoteTestNG.java:293)
at org.testng.remote.RemoteTestNG.main(RemoteTestNG.java:91)
]]>
            </full-stacktrace>
          </exception> <!-- java.lang.NumberFormatException -->
          <reporter-output>
          </reporter-output>
        </test-method> <!-- updatedevicename_switchname_scenes -->
        <test-method is-config="true" signature="beforeMethod(java.lang.reflect.Method)[pri:0, instance:com.load.testcases.TC_07_updatedevicename_switchname_scenes@279fedbd]" started-at="2025-11-06T14:39:55 IST" name="beforeMethod" finished-at="2025-11-06T14:39:55 IST" duration-ms="0" status="PASS">
          <params>
            <param index="0">
              <value>
                <![CDATA[public void com.load.testcases.TC_07_updatedevicename_switchname_scenes.updatedevicename_switchname_scenes()]]>
              </value>
            </param>
          </params>
          <reporter-output>
          </reporter-output>
        </test-method> <!-- beforeMethod -->
        <test-method is-config="true" signature="tearDown()[pri:0, instance:com.load.testcases.TC_07_updatedevicename_switchname_scenes@279fedbd]" started-at="2025-11-06T14:39:55 IST" name="tearDown" finished-at="2025-11-06T14:39:55 IST" duration-ms="12" status="PASS">
          <reporter-output>
          </reporter-output>
        </test-method> <!-- tearDown -->
      </class> <!-- com.load.testcases.TC_07_updatedevicename_switchname_scenes -->
      <class name="com.load.testcases.TC_09_sceneupdate">
        <test-method signature="sceneupdate()[pri:8, instance:com.load.testcases.TC_09_sceneupdate@45c7e403]" started-at="2025-11-06T14:40:18 IST" name="sceneupdate" finished-at="2025-11-06T14:40:18 IST" duration-ms="96" status="PASS">
          <reporter-output>
          </reporter-output>
        </test-method> <!-- sceneupdate -->
        <test-method is-config="true" signature="beforeMethod(java.lang.reflect.Method)[pri:0, instance:com.load.testcases.TC_09_sceneupdate@45c7e403]" started-at="2025-11-06T14:40:18 IST" name="beforeMethod" finished-at="2025-11-06T14:40:18 IST" duration-ms="0" status="PASS">
          <params>
            <param index="0">
              <value>
                <![CDATA[public void com.load.testcases.TC_09_sceneupdate.sceneupdate()]]>
              </value>
            </param>
          </params>
          <reporter-output>
          </reporter-output>
        </test-method> <!-- beforeMethod -->
        <test-method is-config="true" signature="tearDown()[pri:0, instance:com.load.testcases.TC_09_sceneupdate@45c7e403]" started-at="2025-11-06T14:40:18 IST" name="tearDown" finished-at="2025-11-06T14:40:18 IST" duration-ms="22" status="PASS">
          <reporter-output>
          </reporter-output>
        </test-method> <!-- tearDown -->
      </class> <!-- com.load.testcases.TC_09_sceneupdate -->
      <class name="com.load.testcases.TC_06_Add_device">
        <test-method is-config="true" signature="beforeMethod(java.lang.reflect.Method)[pri:0, instance:com.load.testcases.TC_06_Add_device@752325ad]" started-at="2025-11-06T14:39:55 IST" name="beforeMethod" finished-at="2025-11-06T14:39:55 IST" duration-ms="1" status="PASS">
          <params>
            <param index="0">
              <value>
                <![CDATA[public void com.load.testcases.TC_06_Add_device.Add_Device() throws java.lang.Exception]]>
              </value>
            </param>
          </params>
          <reporter-output>
          </reporter-output>
        </test-method> <!-- beforeMethod -->
        <test-method signature="Add_Device()[pri:5, instance:com.load.testcases.TC_06_Add_device@752325ad]" started-at="2025-11-06T14:39:55 IST" name="Add_Device" finished-at="2025-11-06T14:39:55 IST" duration-ms="3" status="FAIL">
          <exception class="java.lang.NumberFormatException">
            <message>
              <![CDATA[For input string: "1  "]]>
            </message>
            <full-stacktrace>
              <![CDATA[java.lang.NumberFormatException: For input string: "1  "
at java.base/java.lang.NumberFormatException.forInputString(NumberFormatException.java:67)
at java.base/java.lang.Integer.parseInt(Integer.java:662)
at java.base/java.lang.Integer.parseInt(Integer.java:778)
at com.load.testcases.TC_06_Add_device.Add_Device(TC_06_Add_device.java:26)
at java.base/jdk.internal.reflect.DirectMethodHandleAccessor.invoke(DirectMethodHandleAccessor.java:103)
at java.base/java.lang.reflect.Method.invoke(Method.java:580)
at org.testng.internal.invokers.MethodInvocationHelper.invokeMethod(MethodInvocationHelper.java:136)
at org.testng.internal.invokers.TestInvoker.invokeMethod(TestInvoker.java:658)
at org.testng.internal.invokers.TestInvoker.invokeTestMethod(TestInvoker.java:219)
at org.testng.internal.invokers.MethodRunner.runInSequence(MethodRunner.java:50)
at org.testng.internal.invokers.TestInvoker$MethodInvocationAgent.invoke(TestInvoker.java:923)
at org.testng.internal.invokers.TestInvoker.invokeTestMethods(TestInvoker.java:192)
at org.testng.internal.invokers.TestMethodWorker.invokeTestMethods(TestMethodWorker.java:146)
at org.testng.internal.invokers.TestMethodWorker.run(TestMethodWorker.java:128)
at java.base/java.util.ArrayList.forEach(ArrayList.java:1596)
at org.testng.TestRunner.privateRun(TestRunner.java:808)
at org.testng.TestRunner.run(TestRunner.java:603)
at org.testng.SuiteRunner.runTest(SuiteRunner.java:429)
at org.testng.SuiteRunner.runSequentially(SuiteRunner.java:423)
at org.testng.SuiteRunner.privateRun(SuiteRunner.java:383)
at org.testng.SuiteRunner.run(SuiteRunner.java:326)
at org.testng.SuiteRunnerWorker.runSuite(SuiteRunnerWorker.java:52)
at org.testng.SuiteRunnerWorker.run(SuiteRunnerWorker.java:95)
at org.testng.TestNG.runSuitesSequentially(TestNG.java:1249)
at org.testng.TestNG.runSuitesLocally(TestNG.java:1169)
at org.testng.TestNG.runSuites(TestNG.java:1092)
at org.testng.TestNG.run(TestNG.java:1060)
at org.testng.remote.AbstractRemoteTestNG.run(AbstractRemoteTestNG.java:115)
at org.testng.remote.RemoteTestNG.initAndRun(RemoteTestNG.java:293)
at org.testng.remote.RemoteTestNG.main(RemoteTestNG.java:91)
]]>
            </full-stacktrace>
          </exception> <!-- java.lang.NumberFormatException -->
          <reporter-output>
          </reporter-output>
        </test-method> <!-- Add_Device -->
        <test-method is-config="true" signature="tearDown()[pri:0, instance:com.load.testcases.TC_06_Add_device@752325ad]" started-at="2025-11-06T14:39:55 IST" name="tearDown" finished-at="2025-11-06T14:39:55 IST" duration-ms="9" status="PASS">
          <reporter-output>
          </reporter-output>
        </test-method> <!-- tearDown -->
      </class> <!-- com.load.testcases.TC_06_Add_device -->
      <class name="com.load.testcases.TC_05_SerialEntry">
        <test-method is-config="true" signature="beforeMethod(java.lang.reflect.Method)[pri:0, instance:com.load.testcases.TC_05_SerialEntry@2a5c8d3f]" started-at="2025-11-06T14:39:52 IST" name="beforeMethod" finished-at="2025-11-06T14:39:52 IST" duration-ms="1" status="PASS">
          <params>
            <param index="0">
              <value>
                <![CDATA[public void com.load.testcases.TC_05_SerialEntry.serialEntry()]]>
              </value>
            </param>
          </params>
          <reporter-output>
          </reporter-output>
        </test-method> <!-- beforeMethod -->
        <test-method signature="serialEntry()[pri:4, instance:com.load.testcases.TC_05_SerialEntry@2a5c8d3f]" started-at="2025-11-06T14:39:52 IST" name="serialEntry" finished-at="2025-11-06T14:39:55 IST" duration-ms="3365" status="PASS">
          <reporter-output>
          </reporter-output>
        </test-method> <!-- serialEntry -->
        <test-method is-config="true" signature="tearDown()[pri:0, instance:com.load.testcases.TC_05_SerialEntry@2a5c8d3f]" started-at="2025-11-06T14:39:55 IST" name="tearDown" finished-at="2025-11-06T14:39:55 IST" duration-ms="23" status="PASS">
          <reporter-output>
          </reporter-output>
        </test-method> <!-- tearDown -->
      </class> <!-- com.load.testcases.TC_05_SerialEntry -->
    </test> <!-- Test -->
  </suite> <!-- Suite -->
</testng-results>
