<?xml version="1.0" encoding="UTF-8"?>
<!-- Generated by org.testng.reporters.JUnitReportReporter -->
<testsuite hostname="Admin" failures="0" tests="3" name="com.testclasses.Logout_06" time="0.125" errors="0" timestamp="2025-03-28T19:41:22 IST" skipped="0">
  <testcase classname="com.testclasses.Logout_06" name="logout_01_API" time="0.028"/>
  <system-out/>
  <testcase classname="com.testclasses.Logout_06" name="logout_02_API" time="0.031"/>
  <system-out/>
  <testcase classname="com.testclasses.Logout_06" name="logout_03_API" time="0.066"/>
  <system-out/>
</testsuite> <!-- com.testclasses.Logout_06 -->
