<?xml version="1.0" encoding="UTF-8"?>
<!-- Generated by org.testng.reporters.JUnitReportReporter -->
<testsuite hostname="Admin" failures="0" tests="4" name="com.testclasses.Login_02" time="0.169" errors="0" timestamp="2025-03-28T19:41:22 IST" skipped="0">
  <testcase classname="com.testclasses.Login_02" name="Login_01_API" time="0.032"/>
  <system-out/>
  <testcase classname="com.testclasses.Login_02" name="Login_02_API" time="0.034"/>
  <system-out/>
  <testcase classname="com.testclasses.Login_02" name="Login_03_API" time="0.065"/>
  <system-out/>
  <testcase classname="com.testclasses.Login_02" name="Login_04_API" time="0.038"/>
  <system-out/>
</testsuite> <!-- com.testclasses.Login_02 -->
