<?xml version="1.0" encoding="UTF-8"?>
<!-- Generated by org.testng.reporters.JUnitReportReporter -->
<testsuite hostname="Admin" failures="0" tests="3" name="com.testcases.User.TEST_API_ADD_PAGE_00" time="1.848" errors="0" timestamp="2025-04-01T18:21:33 IST" skipped="0">
  <testcase classname="com.testcases.User.TEST_API_ADD_PAGE_00" name="TEST_API_ADD_PAGE_01_API" time="1.657"/>
  <system-out/>
  <testcase classname="com.testcases.User.TEST_API_ADD_PAGE_00" name="TEST_API_ADD_PAGE_02_API" time="0.154"/>
  <system-out/>
  <testcase classname="com.testcases.User.TEST_API_ADD_PAGE_00" name="TEST_API_ADD_PAGE_03_API" time="0.037"/>
  <system-out/>
</testsuite> <!-- com.testcases.User.TEST_API_ADD_PAGE_00 -->
