<?xml version="1.0" encoding="UTF-8"?>
<!-- Generated by org.testng.reporters.JUnitReportReporter -->
<testsuite hostname="Admin" failures="0" tests="5" name="com.testclasses.DeleteUser_7" time="0.180" errors="0" timestamp="2025-03-28T19:41:22 IST" skipped="0">
  <testcase classname="com.testclasses.DeleteUser_7" name="DeleteUser_01_API" time="0.045"/>
  <system-out/>
  <testcase classname="com.testclasses.DeleteUser_7" name="DeleteUser_02_API" time="0.035"/>
  <system-out/>
  <testcase classname="com.testclasses.DeleteUser_7" name="DeleteUser_03_API" time="0.027"/>
  <system-out/>
  <testcase classname="com.testclasses.DeleteUser_7" name="DeleteUser_04_API" time="0.040"/>
  <system-out/>
  <testcase classname="com.testclasses.DeleteUser_7" name="DeleteUser_05_API" time="0.033"/>
  <system-out/>
</testsuite> <!-- com.testclasses.DeleteUser_7 -->
