<?xml version="1.0" encoding="UTF-8"?>
<!-- Generated by org.testng.reporters.JUnitReportReporter -->
<testsuite hostname="Admin" failures="0" tests="6" name="com.testcases.User.AdminRegister_01" time="0.261" errors="0" timestamp="2025-04-01T18:21:33 IST" skipped="0">
  <testcase classname="com.testcases.User.AdminRegister_01" name="AdminRegister_01_API" time="0.045"/>
  <system-out/>
  <testcase classname="com.testcases.User.AdminRegister_01" name="AdminRegister_02_API" time="0.047"/>
  <system-out/>
  <testcase classname="com.testcases.User.AdminRegister_01" name="AdminRegister_03_API" time="0.041"/>
  <system-out/>
  <testcase classname="com.testcases.User.AdminRegister_01" name="AdminRegister_04_API" time="0.044"/>
  <system-out/>
  <testcase classname="com.testcases.User.AdminRegister_01" name="AdminRegister_05_API" time="0.043"/>
  <system-out/>
  <testcase classname="com.testcases.User.AdminRegister_01" name="AdminRegister_06_API" time="0.041"/>
  <system-out/>
</testsuite> <!-- com.testcases.User.AdminRegister_01 -->
