<?xml version="1.0" encoding="UTF-8"?>
<!-- Generated by org.testng.reporters.JUnitReportReporter -->
<testsuite hostname="Admin" failures="0" tests="5" name="com.testcases.User.DeleteUser_7" time="0.249" errors="0" timestamp="2025-04-01T18:21:33 IST" skipped="0">
  <testcase classname="com.testcases.User.DeleteUser_7" name="DeleteUser_01_API" time="0.032"/>
  <system-out/>
  <testcase classname="com.testcases.User.DeleteUser_7" name="DeleteUser_02_API" time="0.041"/>
  <system-out/>
  <testcase classname="com.testcases.User.DeleteUser_7" name="DeleteUser_03_API" time="0.035"/>
  <system-out/>
  <testcase classname="com.testcases.User.DeleteUser_7" name="DeleteUser_04_API" time="0.101"/>
  <system-out/>
  <testcase classname="com.testcases.User.DeleteUser_7" name="DeleteUser_05_API" time="0.040"/>
  <system-out/>
</testsuite> <!-- com.testcases.User.DeleteUser_7 -->
