<?xml version="1.0" encoding="UTF-8"?>
<!-- Generated by org.testng.reporters.JUnitReportReporter -->
<testsuite hostname="Admin" failures="0" tests="3" name="com.testcases.User.GetAllUser_5" time="0.081" errors="0" timestamp="2025-04-01T18:21:33 IST" skipped="0">
  <testcase classname="com.testcases.User.GetAllUser_5" name="GetAllUser_01_API" time="0.025"/>
  <system-out/>
  <testcase classname="com.testcases.User.GetAllUser_5" name="GetAllUser_02_API" time="0.024"/>
  <system-out/>
  <testcase classname="com.testcases.User.GetAllUser_5" name="GetAllUser_03_API" time="0.032"/>
  <system-out/>
</testsuite> <!-- com.testcases.User.GetAllUser_5 -->
