<?xml version="1.0" encoding="UTF-8"?>
<!-- Generated by org.testng.reporters.JUnitReportReporter -->
<testsuite hostname="Admin" failures="0" tests="3" name="com.testcases.User.Logout_06" time="0.132" errors="0" timestamp="2025-04-01T18:21:33 IST" skipped="0">
  <testcase classname="com.testcases.User.Logout_06" name="logout_01_API" time="0.026"/>
  <system-out/>
  <testcase classname="com.testcases.User.Logout_06" name="logout_02_API" time="0.029"/>
  <system-out/>
  <testcase classname="com.testcases.User.Logout_06" name="logout_03_API" time="0.077"/>
  <system-out/>
</testsuite> <!-- com.testcases.User.Logout_06 -->
