<?xml version="1.0" encoding="UTF-8"?>
<!-- Generated by org.testng.reporters.JUnitReportReporter -->
<testsuite hostname="Admin" failures="0" tests="1" name="com.load.testcases.TC_07_updatedevicename_switchname_scenes" time="46.012" errors="0" timestamp="2025-11-06T12:24:41 IST" skipped="0">
  <testcase classname="com.load.testcases.TC_07_updatedevicename_switchname_scenes" name="serialEntry" time="46.012"/>
  <system-out/>
</testsuite> <!-- com.load.testcases.TC_07_updatedevicename_switchname_scenes -->
