<?xml version="1.0" encoding="UTF-8"?>
<!-- Generated by org.testng.reporters.JUnitReportReporter -->
<testsuite hostname="Admin" failures="0" tests="6" name="com.testclasses.AdminRegister_01" time="0.634" errors="0" timestamp="2025-03-28T19:41:22 IST" skipped="0">
  <testcase classname="com.testclasses.AdminRegister_01" name="AdminRegister_01_API" time="0.421"/>
  <system-out/>
  <testcase classname="com.testclasses.AdminRegister_01" name="AdminRegister_02_API" time="0.054"/>
  <system-out/>
  <testcase classname="com.testclasses.AdminRegister_01" name="AdminRegister_03_API" time="0.041"/>
  <system-out/>
  <testcase classname="com.testclasses.AdminRegister_01" name="AdminRegister_04_API" time="0.041"/>
  <system-out/>
  <testcase classname="com.testclasses.AdminRegister_01" name="AdminRegister_05_API" time="0.033"/>
  <system-out/>
  <testcase classname="com.testclasses.AdminRegister_01" name="AdminRegister_06_API" time="0.044"/>
  <system-out/>
</testsuite> <!-- com.testclasses.AdminRegister_01 -->
