<?xml version="1.0" encoding="UTF-8"?>
<!-- Generated by org.testng.reporters.JUnitReportReporter -->
<testsuite hostname="Admin" failures="0" tests="4" name="com.testclasses.Updateuser_4" time="0.137" errors="0" timestamp="2025-03-28T19:41:22 IST" skipped="0">
  <testcase classname="com.testclasses.Updateuser_4" name="updateUser_01_API" time="0.042"/>
  <system-out/>
  <testcase classname="com.testclasses.Updateuser_4" name="updateUser_02_API" time="0.028"/>
  <system-out/>
  <testcase classname="com.testclasses.Updateuser_4" name="updateUser_03_API" time="0.038"/>
  <system-out/>
  <testcase classname="com.testclasses.Updateuser_4" name="updateUser_04_API" time="0.029"/>
  <system-out/>
</testsuite> <!-- com.testclasses.Updateuser_4 -->
