<?xml version="1.0" encoding="UTF-8"?>
<!-- Generated by org.testng.reporters.JUnitReportReporter -->
<testsuite hostname="Admin" failures="0" tests="4" name="com.testcases.User.Updateuser_4" time="0.137" errors="0" timestamp="2025-04-01T18:21:33 IST" skipped="0">
  <testcase classname="com.testcases.User.Updateuser_4" name="updateUser_01_API" time="0.038"/>
  <system-out/>
  <testcase classname="com.testcases.User.Updateuser_4" name="updateUser_02_API" time="0.034"/>
  <system-out/>
  <testcase classname="com.testcases.User.Updateuser_4" name="updateUser_03_API" time="0.030"/>
  <system-out/>
  <testcase classname="com.testcases.User.Updateuser_4" name="updateUser_04_API" time="0.035"/>
  <system-out/>
</testsuite> <!-- com.testcases.User.Updateuser_4 -->
