<?xml version="1.0" encoding="UTF-8"?>
<!-- Generated by org.testng.reporters.JUnitReportReporter -->
<testsuite hostname="Admin" failures="0" tests="9" name="com.testclasses.AddUser_03" time="0.357" errors="0" timestamp="2025-03-28T19:41:22 IST" skipped="0">
  <testcase classname="com.testclasses.AddUser_03" name="AddUser_01_API" time="0.046"/>
  <system-out/>
  <testcase classname="com.testclasses.AddUser_03" name="AddUser_02_API" time="0.046"/>
  <system-out/>
  <testcase classname="com.testclasses.AddUser_03" name="AddUser_03_API" time="0.041"/>
  <system-out/>
  <testcase classname="com.testclasses.AddUser_03" name="AddUser_04_API" time="0.033"/>
  <system-out/>
  <testcase classname="com.testclasses.AddUser_03" name="AddUser_05_API" time="0.045"/>
  <system-out/>
  <testcase classname="com.testclasses.AddUser_03" name="AddUser_06_API" time="0.035"/>
  <system-out/>
  <testcase classname="com.testclasses.AddUser_03" name="AddUser_07_API" time="0.035"/>
  <system-out/>
  <testcase classname="com.testclasses.AddUser_03" name="login_API" time="0.040"/>
  <system-out/>
  <testcase classname="com.testclasses.AddUser_03" name="AddUser_08_API" time="0.036"/>
  <system-out/>
</testsuite> <!-- com.testclasses.AddUser_03 -->
